<?xml version="1.0" encoding="UTF-8"?>
<testng-results ignored="0" total="1" passed="1" failed="0" skipped="0">
  <reporter-output>
  </reporter-output>
  <suite started-at="2024-12-22T12:27:37 IST" name="Default suite" finished-at="2024-12-22T12:28:14 IST" duration-ms="37236">
    <groups>
    </groups>
    <test started-at="2024-12-22T12:27:37 IST" name="Default test" finished-at="2024-12-22T12:28:14 IST" duration-ms="37236">
      <class name="ReadProperties.DropDownSelect2">
        <test-method signature="dropDownSelect2()[pri:0, instance:ReadProperties.DropDownSelect2@243c4f91]" started-at="2024-12-22T12:27:37 IST" name="dropDownSelect2" finished-at="2024-12-22T12:28:14 IST" duration-ms="37038" status="PASS">
          <reporter-output>
          </reporter-output>
        </test-method> <!-- dropDownSelect2 -->
      </class> <!-- ReadProperties.DropDownSelect2 -->
    </test> <!-- Default test -->
  </suite> <!-- Default suite -->
</testng-results>
